2026-01-16 01:13:08,708 | ERROR | No error handlers are registered, logging exception.
Traceback (most recent call last):
  File "C:\Users\Sardorbek Qosimov\AppData\Local\Programs\Python\Python313\Lib\site-packages\telegram\ext\dispatcher.py", line 557, in process_update
    handler.handle_update(update, self, check, context)
    ~~~~~~~~~~~~~~~~~~~~~^^^^^^^^^^^^^^^^^^^^^^^^^^^^^^
  File "C:\Users\Sardorbek Qosimov\AppData\Local\Programs\Python\Python313\Lib\site-packages\telegram\ext\handler.py", line 199, in handle_update
    return self.callback(update, context)
           ~~~~~~~~~~~~~^^^^^^^^^^^^^^^^^
  File "D:\Moved_From_C\Desktop\TSUE Shcedule_bot\main.py", line 1826, in callback_handler
    main_menu(query, context)
    ~~~~~~~~~^^^^^^^^^^^^^^^^
  File "D:\Moved_From_C\Desktop\TSUE Shcedule_bot\main.py", line 1666, in main_menu
    if update.callback_query:
       ^^^^^^^^^^^^^^^^^^^^^
AttributeError: 'CallbackQuery' object has no attribute 'callback_query'
2026-01-16 01:13:32,284 | ERROR | No error handlers are registered, logging exception.
Traceback (most recent call last):
  File "C:\Users\Sardorbek Qosimov\AppData\Local\Programs\Python\Python313\Lib\site-packages\telegram\ext\dispatcher.py", line 557, in process_update
    handler.handle_update(update, self, check, context)
    ~~~~~~~~~~~~~~~~~~~~~^^^^^^^^^^^^^^^^^^^^^^^^^^^^^^
  File "C:\Users\Sardorbek Qosimov\AppData\Local\Programs\Python\Python313\Lib\site-packages\telegram\ext\handler.py", line 199, in handle_update
    return self.callback(update, context)
           ~~~~~~~~~~~~~^^^^^^^^^^^^^^^^^
  File "D:\Moved_From_C\Desktop\TSUE Shcedule_bot\main.py", line 1826, in callback_handler
    main_menu(query, context)
    ~~~~~~~~~^^^^^^^^^^^^^^^^
  File "D:\Moved_From_C\Desktop\TSUE Shcedule_bot\main.py", line 1666, in main_menu
    if update.callback_query:
       ^^^^^^^^^^^^^^^^^^^^^
AttributeError: 'CallbackQuery' object has no attribute 'callback_query'
2026-01-16 01:14:54,562 | ERROR | No error handlers are registered, logging exception.
Traceback (most recent call last):
  File "C:\Users\Sardorbek Qosimov\AppData\Local\Programs\Python\Python313\Lib\site-packages\telegram\ext\dispatcher.py", line 557, in process_update
    handler.handle_update(update, self, check, context)
    ~~~~~~~~~~~~~~~~~~~~~^^^^^^^^^^^^^^^^^^^^^^^^^^^^^^
  File "C:\Users\Sardorbek Qosimov\AppData\Local\Programs\Python\Python313\Lib\site-packages\telegram\ext\handler.py", line 199, in handle_update
    return self.callback(update, context)
           ~~~~~~~~~~~~~^^^^^^^^^^^^^^^^^
  File "D:\Moved_From_C\Desktop\TSUE Shcedule_bot\main.py", line 1826, in callback_handler
    main_menu(query, context)
    ~~~~~~~~~^^^^^^^^^^^^^^^^
  File "D:\Moved_From_C\Desktop\TSUE Shcedule_bot\main.py", line 1666, in main_menu
    if update.callback_query:
       ^^^^^^^^^^^^^^^^^^^^^
AttributeError: 'CallbackQuery' object has no attribute 'callback_query'
2026-01-16 01:19:33,927 | ERROR | No error handlers are registered, logging exception.
Traceback (most recent call last):
  File "C:\Users\Sardorbek Qosimov\AppData\Local\Programs\Python\Python313\Lib\site-packages\telegram\ext\dispatcher.py", line 557, in process_update
    handler.handle_update(update, self, check, context)
    ~~~~~~~~~~~~~~~~~~~~~^^^^^^^^^^^^^^^^^^^^^^^^^^^^^^
  File "C:\Users\Sardorbek Qosimov\AppData\Local\Programs\Python\Python313\Lib\site-packages\telegram\ext\handler.py", line 199, in handle_update
    return self.callback(update, context)
           ~~~~~~~~~~~~~^^^^^^^^^^^^^^^^^
  File "D:\Moved_From_C\Desktop\TSUE Shcedule_bot\main.py", line 1976, in message_handler
    hemis_main_menu(update, context)
    ~~~~~~~~~~~~~~~^^^^^^^^^^^^^^^^^
  File "D:\Moved_From_C\Desktop\TSUE Shcedule_bot\hemis_handlers.py", line 52, in hemis_main_menu
    s = HEMIS_STRINGS[lang]
        ~~~~~~~~~~~~~^^^^^^
KeyError: 'en'
2026-01-16 01:20:59,072 | ERROR | LOGIN ERROR: HTTPSConnectionPool(host='student.tsue.uz', port=443): Max retries exceeded with url: /rest/v1/auth/login (Caused by NewConnectionError('<urllib3.connection.HTTPSConnection object at 0x000002ABCDC86990>: Failed to establish a new connection: [Errno 11001] getaddrinfo failed'))
2026-01-16 01:22:29,841 | ERROR | LOGIN ERROR: HTTPSConnectionPool(host='student.tsue.uz', port=443): Max retries exceeded with url: /rest/v1/auth/login (Caused by NewConnectionError('<urllib3.connection.HTTPSConnection object at 0x000002ABCDC865D0>: Failed to establish a new connection: [Errno 11001] getaddrinfo failed'))
2026-01-16 01:24:55,982 | ERROR | LOGIN ERROR: HTTPSConnectionPool(host='student.tsue.uz', port=443): Max retries exceeded with url: /rest/v1/auth/login (Caused by NewConnectionError('<urllib3.connection.HTTPSConnection object at 0x00000224784C16D0>: Failed to establish a new connection: [Errno 11001] getaddrinfo failed'))
2026-01-16 01:27:00,898 | ERROR | LOGIN ERROR: HTTPSConnectionPool(host='student.tsue.uz', port=443): Max retries exceeded with url: /rest/v1/auth/login (Caused by NewConnectionError('<urllib3.connection.HTTPSConnection object at 0x00000224784C1310>: Failed to establish a new connection: [Errno 11001] getaddrinfo failed'))
2026-01-16 01:30:03,205 | ERROR | No error handlers are registered, logging exception.
Traceback (most recent call last):
  File "C:\Users\Sardorbek Qosimov\AppData\Local\Programs\Python\Python313\Lib\site-packages\urllib3\connectionpool.py", line 468, in _make_request
    six.raise_from(e, None)
    ~~~~~~~~~~~~~~^^^^^^^^^
  File "<string>", line 3, in raise_from
  File "C:\Users\Sardorbek Qosimov\AppData\Local\Programs\Python\Python313\Lib\site-packages\urllib3\connectionpool.py", line 463, in _make_request
    httplib_response = conn.getresponse()
  File "C:\Users\Sardorbek Qosimov\AppData\Local\Programs\Python\Python313\Lib\http\client.py", line 1430, in getresponse
    response.begin()
    ~~~~~~~~~~~~~~^^
  File "C:\Users\Sardorbek Qosimov\AppData\Local\Programs\Python\Python313\Lib\http\client.py", line 331, in begin
    version, status, reason = self._read_status()
                              ~~~~~~~~~~~~~~~~~^^
  File "C:\Users\Sardorbek Qosimov\AppData\Local\Programs\Python\Python313\Lib\http\client.py", line 292, in _read_status
    line = str(self.fp.readline(_MAXLINE + 1), "iso-8859-1")
               ~~~~~~~~~~~~~~~~^^^^^^^^^^^^^^
  File "C:\Users\Sardorbek Qosimov\AppData\Local\Programs\Python\Python313\Lib\socket.py", line 719, in readinto
    return self._sock.recv_into(b)
           ~~~~~~~~~~~~~~~~~~~~^^^
  File "C:\Users\Sardorbek Qosimov\AppData\Local\Programs\Python\Python313\Lib\ssl.py", line 1304, in recv_into
    return self.read(nbytes, buffer)
           ~~~~~~~~~^^^^^^^^^^^^^^^^
  File "C:\Users\Sardorbek Qosimov\AppData\Local\Programs\Python\Python313\Lib\ssl.py", line 1138, in read
    return self._sslobj.read(len, buffer)
           ~~~~~~~~~~~~~~~~~^^^^^^^^^^^^^
TimeoutError: The read operation timed out

During handling of the above exception, another exception occurred:

Traceback (most recent call last):
  File "C:\Users\Sardorbek Qosimov\AppData\Local\Programs\Python\Python313\Lib\site-packages\telegram\utils\request.py", line 259, in _request_wrapper
    resp = self._con_pool.request(*args, **kwargs)
  File "C:\Users\Sardorbek Qosimov\AppData\Local\Programs\Python\Python313\Lib\site-packages\urllib3\request.py", line 81, in request
    return self.request_encode_body(
           ~~~~~~~~~~~~~~~~~~~~~~~~^
        method, url, fields=fields, headers=headers, **urlopen_kw
        ^^^^^^^^^^^^^^^^^^^^^^^^^^^^^^^^^^^^^^^^^^^^^^^^^^^^^^^^^
    )
    ^
  File "C:\Users\Sardorbek Qosimov\AppData\Local\Programs\Python\Python313\Lib\site-packages\urllib3\request.py", line 173, in request_encode_body
    return self.urlopen(method, url, **extra_kw)
           ~~~~~~~~~~~~^^^^^^^^^^^^^^^^^^^^^^^^^
  File "C:\Users\Sardorbek Qosimov\AppData\Local\Programs\Python\Python313\Lib\site-packages\urllib3\poolmanager.py", line 376, in urlopen
    response = conn.urlopen(method, u.request_uri, **kw)
  File "C:\Users\Sardorbek Qosimov\AppData\Local\Programs\Python\Python313\Lib\site-packages\urllib3\connectionpool.py", line 802, in urlopen
    retries = retries.increment(
        method, url, error=e, _pool=self, _stacktrace=sys.exc_info()[2]
    )
  File "C:\Users\Sardorbek Qosimov\AppData\Local\Programs\Python\Python313\Lib\site-packages\urllib3\util\retry.py", line 552, in increment
    raise six.reraise(type(error), error, _stacktrace)
          ~~~~~~~~~~~^^^^^^^^^^^^^^^^^^^^^^^^^^^^^^^^^
  File "C:\Users\Sardorbek Qosimov\AppData\Local\Programs\Python\Python313\Lib\site-packages\urllib3\packages\six.py", line 770, in reraise
    raise value
  File "C:\Users\Sardorbek Qosimov\AppData\Local\Programs\Python\Python313\Lib\site-packages\urllib3\connectionpool.py", line 716, in urlopen
    httplib_response = self._make_request(
        conn,
    ...<5 lines>...
        chunked=chunked,
    )
  File "C:\Users\Sardorbek Qosimov\AppData\Local\Programs\Python\Python313\Lib\site-packages\urllib3\connectionpool.py", line 470, in _make_request
    self._raise_timeout(err=e, url=url, timeout_value=read_timeout)
    ~~~~~~~~~~~~~~~~~~~^^^^^^^^^^^^^^^^^^^^^^^^^^^^^^^^^^^^^^^^^^^^
  File "C:\Users\Sardorbek Qosimov\AppData\Local\Programs\Python\Python313\Lib\site-packages\urllib3\connectionpool.py", line 358, in _raise_timeout
    raise ReadTimeoutError(
        self, url, "Read timed out. (read timeout=%s)" % timeout_value
    )
urllib3.exceptions.ReadTimeoutError: HTTPSConnectionPool(host='api.telegram.org', port=443): Read timed out. (read timeout=5.0)

The above exception was the direct cause of the following exception:

Traceback (most recent call last):
  File "C:\Users\Sardorbek Qosimov\AppData\Local\Programs\Python\Python313\Lib\site-packages\telegram\ext\dispatcher.py", line 557, in process_update
    handler.handle_update(update, self, check, context)
    ~~~~~~~~~~~~~~~~~~~~~^^^^^^^^^^^^^^^^^^^^^^^^^^^^^^
  File "C:\Users\Sardorbek Qosimov\AppData\Local\Programs\Python\Python313\Lib\site-packages\telegram\ext\handler.py", line 199, in handle_update
    return self.callback(update, context)
           ~~~~~~~~~~~~~^^^^^^^^^^^^^^^^^
  File "D:\Moved_From_C\Desktop\TSUE Shcedule_bot\main.py", line 1653, in start
    return choose_language(update, context)
  File "D:\Moved_From_C\Desktop\TSUE Shcedule_bot\main.py", line 1782, in choose_language
    update.message.reply_text(msg_text, reply_markup=reply_markup)
    ~~~~~~~~~~~~~~~~~~~~~~~~~^^^^^^^^^^^^^^^^^^^^^^^^^^^^^^^^^^^^^
  File "C:\Users\Sardorbek Qosimov\AppData\Local\Programs\Python\Python313\Lib\site-packages\telegram\message.py", line 977, in reply_text
    return self.bot.send_message(
           ~~~~~~~~~~~~~~~~~~~~~^
        chat_id=self.chat_id,
        ^^^^^^^^^^^^^^^^^^^^^
    ...<11 lines>...
        message_thread_id=message_thread_id,
        ^^^^^^^^^^^^^^^^^^^^^^^^^^^^^^^^^^^^
    )
    ^
  File "C:\Users\Sardorbek Qosimov\AppData\Local\Programs\Python\Python313\Lib\site-packages\telegram\bot.py", line 134, in decorator
    result = func(*args, **kwargs)
  File "C:\Users\Sardorbek Qosimov\AppData\Local\Programs\Python\Python313\Lib\site-packages\telegram\bot.py", line 534, in send_message
    return self._message(  # type: ignore[return-value]
           ~~~~~~~~~~~~~^^^^^^^^^^^^^^^^^^^^^^^^^^^^^^^
        'sendMessage',
        ^^^^^^^^^^^^^^
    ...<8 lines>...
        message_thread_id=message_thread_id,
        ^^^^^^^^^^^^^^^^^^^^^^^^^^^^^^^^^^^^
    )
    ^
  File "C:\Users\Sardorbek Qosimov\AppData\Local\Programs\Python\Python313\Lib\site-packages\telegram\ext\extbot.py", line 203, in _message
    result = super()._message(
        endpoint=endpoint,
    ...<8 lines>...
        message_thread_id=message_thread_id,
    )
  File "C:\Users\Sardorbek Qosimov\AppData\Local\Programs\Python\Python313\Lib\site-packages\telegram\bot.py", line 344, in _message
    result = self._post(endpoint, data, timeout=timeout, api_kwargs=api_kwargs)
  File "C:\Users\Sardorbek Qosimov\AppData\Local\Programs\Python\Python313\Lib\site-packages\telegram\bot.py", line 299, in _post
    return self.request.post(
           ~~~~~~~~~~~~~~~~~^
        f'{self.base_url}/{endpoint}', data=data, timeout=effective_timeout
        ^^^^^^^^^^^^^^^^^^^^^^^^^^^^^^^^^^^^^^^^^^^^^^^^^^^^^^^^^^^^^^^^^^^
    )
    ^
  File "C:\Users\Sardorbek Qosimov\AppData\Local\Programs\Python\Python313\Lib\site-packages\telegram\utils\request.py", line 361, in post
    result = self._request_wrapper(
        'POST',
    ...<3 lines>...
        **urlopen_kwargs,
    )
  File "C:\Users\Sardorbek Qosimov\AppData\Local\Programs\Python\Python313\Lib\site-packages\telegram\utils\request.py", line 261, in _request_wrapper
    raise TimedOut() from error
telegram.error.TimedOut: Timed out
2026-01-16 01:32:24,068 | ERROR | LOGIN ERROR: HTTPSConnectionPool(host='student.tsue.uz', port=443): Max retries exceeded with url: /rest/v1/auth/login (Caused by NewConnectionError('<urllib3.connection.HTTPSConnection object at 0x000001B3B3F71590>: Failed to establish a new connection: [Errno 11001] getaddrinfo failed'))
2026-01-16 01:37:11,725 | ERROR | No error handlers are registered, logging exception.
Traceback (most recent call last):
  File "C:\Users\Sardorbek Qosimov\AppData\Local\Programs\Python\Python313\Lib\site-packages\urllib3\connectionpool.py", line 468, in _make_request
    six.raise_from(e, None)
    ~~~~~~~~~~~~~~^^^^^^^^^
  File "<string>", line 3, in raise_from
  File "C:\Users\Sardorbek Qosimov\AppData\Local\Programs\Python\Python313\Lib\site-packages\urllib3\connectionpool.py", line 463, in _make_request
    httplib_response = conn.getresponse()
  File "C:\Users\Sardorbek Qosimov\AppData\Local\Programs\Python\Python313\Lib\http\client.py", line 1430, in getresponse
    response.begin()
    ~~~~~~~~~~~~~~^^
  File "C:\Users\Sardorbek Qosimov\AppData\Local\Programs\Python\Python313\Lib\http\client.py", line 331, in begin
    version, status, reason = self._read_status()
                              ~~~~~~~~~~~~~~~~~^^
  File "C:\Users\Sardorbek Qosimov\AppData\Local\Programs\Python\Python313\Lib\http\client.py", line 292, in _read_status
    line = str(self.fp.readline(_MAXLINE + 1), "iso-8859-1")
               ~~~~~~~~~~~~~~~~^^^^^^^^^^^^^^
  File "C:\Users\Sardorbek Qosimov\AppData\Local\Programs\Python\Python313\Lib\socket.py", line 719, in readinto
    return self._sock.recv_into(b)
           ~~~~~~~~~~~~~~~~~~~~^^^
  File "C:\Users\Sardorbek Qosimov\AppData\Local\Programs\Python\Python313\Lib\ssl.py", line 1304, in recv_into
    return self.read(nbytes, buffer)
           ~~~~~~~~~^^^^^^^^^^^^^^^^
  File "C:\Users\Sardorbek Qosimov\AppData\Local\Programs\Python\Python313\Lib\ssl.py", line 1138, in read
    return self._sslobj.read(len, buffer)
           ~~~~~~~~~~~~~~~~~^^^^^^^^^^^^^
TimeoutError: The read operation timed out

During handling of the above exception, another exception occurred:

Traceback (most recent call last):
  File "C:\Users\Sardorbek Qosimov\AppData\Local\Programs\Python\Python313\Lib\site-packages\telegram\utils\request.py", line 259, in _request_wrapper
    resp = self._con_pool.request(*args, **kwargs)
  File "C:\Users\Sardorbek Qosimov\AppData\Local\Programs\Python\Python313\Lib\site-packages\urllib3\request.py", line 81, in request
    return self.request_encode_body(
           ~~~~~~~~~~~~~~~~~~~~~~~~^
        method, url, fields=fields, headers=headers, **urlopen_kw
        ^^^^^^^^^^^^^^^^^^^^^^^^^^^^^^^^^^^^^^^^^^^^^^^^^^^^^^^^^
    )
    ^
  File "C:\Users\Sardorbek Qosimov\AppData\Local\Programs\Python\Python313\Lib\site-packages\urllib3\request.py", line 173, in request_encode_body
    return self.urlopen(method, url, **extra_kw)
           ~~~~~~~~~~~~^^^^^^^^^^^^^^^^^^^^^^^^^
  File "C:\Users\Sardorbek Qosimov\AppData\Local\Programs\Python\Python313\Lib\site-packages\urllib3\poolmanager.py", line 376, in urlopen
    response = conn.urlopen(method, u.request_uri, **kw)
  File "C:\Users\Sardorbek Qosimov\AppData\Local\Programs\Python\Python313\Lib\site-packages\urllib3\connectionpool.py", line 802, in urlopen
    retries = retries.increment(
        method, url, error=e, _pool=self, _stacktrace=sys.exc_info()[2]
    )
  File "C:\Users\Sardorbek Qosimov\AppData\Local\Programs\Python\Python313\Lib\site-packages\urllib3\util\retry.py", line 552, in increment
    raise six.reraise(type(error), error, _stacktrace)
          ~~~~~~~~~~~^^^^^^^^^^^^^^^^^^^^^^^^^^^^^^^^^
  File "C:\Users\Sardorbek Qosimov\AppData\Local\Programs\Python\Python313\Lib\site-packages\urllib3\packages\six.py", line 770, in reraise
    raise value
  File "C:\Users\Sardorbek Qosimov\AppData\Local\Programs\Python\Python313\Lib\site-packages\urllib3\connectionpool.py", line 716, in urlopen
    httplib_response = self._make_request(
        conn,
    ...<5 lines>...
        chunked=chunked,
    )
  File "C:\Users\Sardorbek Qosimov\AppData\Local\Programs\Python\Python313\Lib\site-packages\urllib3\connectionpool.py", line 470, in _make_request
    self._raise_timeout(err=e, url=url, timeout_value=read_timeout)
    ~~~~~~~~~~~~~~~~~~~^^^^^^^^^^^^^^^^^^^^^^^^^^^^^^^^^^^^^^^^^^^^
  File "C:\Users\Sardorbek Qosimov\AppData\Local\Programs\Python\Python313\Lib\site-packages\urllib3\connectionpool.py", line 358, in _raise_timeout
    raise ReadTimeoutError(
        self, url, "Read timed out. (read timeout=%s)" % timeout_value
    )
urllib3.exceptions.ReadTimeoutError: HTTPSConnectionPool(host='api.telegram.org', port=443): Read timed out. (read timeout=5.0)

The above exception was the direct cause of the following exception:

Traceback (most recent call last):
  File "C:\Users\Sardorbek Qosimov\AppData\Local\Programs\Python\Python313\Lib\site-packages\telegram\ext\dispatcher.py", line 557, in process_update
    handler.handle_update(update, self, check, context)
    ~~~~~~~~~~~~~~~~~~~~~^^^^^^^^^^^^^^^^^^^^^^^^^^^^^^
  File "C:\Users\Sardorbek Qosimov\AppData\Local\Programs\Python\Python313\Lib\site-packages\telegram\ext\handler.py", line 199, in handle_update
    return self.callback(update, context)
           ~~~~~~~~~~~~~^^^^^^^^^^^^^^^^^
  File "D:\Moved_From_C\Desktop\TSUE Shcedule_bot\main.py", line 1653, in start
    return choose_language(update, context)
  File "D:\Moved_From_C\Desktop\TSUE Shcedule_bot\main.py", line 1782, in choose_language
    update.message.reply_text(msg_text, reply_markup=reply_markup)
    ~~~~~~~~~~~~~~~~~~~~~~~~~^^^^^^^^^^^^^^^^^^^^^^^^^^^^^^^^^^^^^
  File "C:\Users\Sardorbek Qosimov\AppData\Local\Programs\Python\Python313\Lib\site-packages\telegram\message.py", line 977, in reply_text
    return self.bot.send_message(
           ~~~~~~~~~~~~~~~~~~~~~^
        chat_id=self.chat_id,
        ^^^^^^^^^^^^^^^^^^^^^
    ...<11 lines>...
        message_thread_id=message_thread_id,
        ^^^^^^^^^^^^^^^^^^^^^^^^^^^^^^^^^^^^
    )
    ^
  File "C:\Users\Sardorbek Qosimov\AppData\Local\Programs\Python\Python313\Lib\site-packages\telegram\bot.py", line 134, in decorator
    result = func(*args, **kwargs)
  File "C:\Users\Sardorbek Qosimov\AppData\Local\Programs\Python\Python313\Lib\site-packages\telegram\bot.py", line 534, in send_message
    return self._message(  # type: ignore[return-value]
           ~~~~~~~~~~~~~^^^^^^^^^^^^^^^^^^^^^^^^^^^^^^^
        'sendMessage',
        ^^^^^^^^^^^^^^
    ...<8 lines>...
        message_thread_id=message_thread_id,
        ^^^^^^^^^^^^^^^^^^^^^^^^^^^^^^^^^^^^
    )
    ^
  File "C:\Users\Sardorbek Qosimov\AppData\Local\Programs\Python\Python313\Lib\site-packages\telegram\ext\extbot.py", line 203, in _message
    result = super()._message(
        endpoint=endpoint,
    ...<8 lines>...
        message_thread_id=message_thread_id,
    )
  File "C:\Users\Sardorbek Qosimov\AppData\Local\Programs\Python\Python313\Lib\site-packages\telegram\bot.py", line 344, in _message
    result = self._post(endpoint, data, timeout=timeout, api_kwargs=api_kwargs)
  File "C:\Users\Sardorbek Qosimov\AppData\Local\Programs\Python\Python313\Lib\site-packages\telegram\bot.py", line 299, in _post
    return self.request.post(
           ~~~~~~~~~~~~~~~~~^
        f'{self.base_url}/{endpoint}', data=data, timeout=effective_timeout
        ^^^^^^^^^^^^^^^^^^^^^^^^^^^^^^^^^^^^^^^^^^^^^^^^^^^^^^^^^^^^^^^^^^^
    )
    ^
  File "C:\Users\Sardorbek Qosimov\AppData\Local\Programs\Python\Python313\Lib\site-packages\telegram\utils\request.py", line 361, in post
    result = self._request_wrapper(
        'POST',
    ...<3 lines>...
        **urlopen_kwargs,
    )
  File "C:\Users\Sardorbek Qosimov\AppData\Local\Programs\Python\Python313\Lib\site-packages\telegram\utils\request.py", line 261, in _request_wrapper
    raise TimedOut() from error
telegram.error.TimedOut: Timed out
2026-01-16 01:38:09,658 | ERROR | LOGIN ERROR: HTTPSConnectionPool(host='student.tsue.uz', port=443): Max retries exceeded with url: /rest/v1/auth/login (Caused by NewConnectionError('<urllib3.connection.HTTPSConnection object at 0x000001A1954D56D0>: Failed to establish a new connection: [Errno 11001] getaddrinfo failed'))
2026-01-16 01:40:29,457 | ERROR | LOGIN ERROR: HTTPSConnectionPool(host='student.tsue.uz', port=443): Max retries exceeded with url: /rest/v1/auth/login (Caused by NewConnectionError('<urllib3.connection.HTTPSConnection object at 0x0000016CDD5516D0>: Failed to establish a new connection: [Errno 11001] getaddrinfo failed'))
2026-01-16 01:44:28,760 | ERROR | No error handlers are registered, logging exception.
Traceback (most recent call last):
  File "C:\Users\Sardorbek Qosimov\AppData\Local\Programs\Python\Python313\Lib\site-packages\urllib3\connectionpool.py", line 468, in _make_request
    six.raise_from(e, None)
    ~~~~~~~~~~~~~~^^^^^^^^^
  File "<string>", line 3, in raise_from
  File "C:\Users\Sardorbek Qosimov\AppData\Local\Programs\Python\Python313\Lib\site-packages\urllib3\connectionpool.py", line 463, in _make_request
    httplib_response = conn.getresponse()
  File "C:\Users\Sardorbek Qosimov\AppData\Local\Programs\Python\Python313\Lib\http\client.py", line 1430, in getresponse
    response.begin()
    ~~~~~~~~~~~~~~^^
  File "C:\Users\Sardorbek Qosimov\AppData\Local\Programs\Python\Python313\Lib\http\client.py", line 331, in begin
    version, status, reason = self._read_status()
                              ~~~~~~~~~~~~~~~~~^^
  File "C:\Users\Sardorbek Qosimov\AppData\Local\Programs\Python\Python313\Lib\http\client.py", line 292, in _read_status
    line = str(self.fp.readline(_MAXLINE + 1), "iso-8859-1")
               ~~~~~~~~~~~~~~~~^^^^^^^^^^^^^^
  File "C:\Users\Sardorbek Qosimov\AppData\Local\Programs\Python\Python313\Lib\socket.py", line 719, in readinto
    return self._sock.recv_into(b)
           ~~~~~~~~~~~~~~~~~~~~^^^
  File "C:\Users\Sardorbek Qosimov\AppData\Local\Programs\Python\Python313\Lib\ssl.py", line 1304, in recv_into
    return self.read(nbytes, buffer)
           ~~~~~~~~~^^^^^^^^^^^^^^^^
  File "C:\Users\Sardorbek Qosimov\AppData\Local\Programs\Python\Python313\Lib\ssl.py", line 1138, in read
    return self._sslobj.read(len, buffer)
           ~~~~~~~~~~~~~~~~~^^^^^^^^^^^^^
TimeoutError: The read operation timed out

During handling of the above exception, another exception occurred:

Traceback (most recent call last):
  File "C:\Users\Sardorbek Qosimov\AppData\Local\Programs\Python\Python313\Lib\site-packages\telegram\utils\request.py", line 259, in _request_wrapper
    resp = self._con_pool.request(*args, **kwargs)
  File "C:\Users\Sardorbek Qosimov\AppData\Local\Programs\Python\Python313\Lib\site-packages\urllib3\request.py", line 81, in request
    return self.request_encode_body(
           ~~~~~~~~~~~~~~~~~~~~~~~~^
        method, url, fields=fields, headers=headers, **urlopen_kw
        ^^^^^^^^^^^^^^^^^^^^^^^^^^^^^^^^^^^^^^^^^^^^^^^^^^^^^^^^^
    )
    ^
  File "C:\Users\Sardorbek Qosimov\AppData\Local\Programs\Python\Python313\Lib\site-packages\urllib3\request.py", line 173, in request_encode_body
    return self.urlopen(method, url, **extra_kw)
           ~~~~~~~~~~~~^^^^^^^^^^^^^^^^^^^^^^^^^
  File "C:\Users\Sardorbek Qosimov\AppData\Local\Programs\Python\Python313\Lib\site-packages\urllib3\poolmanager.py", line 376, in urlopen
    response = conn.urlopen(method, u.request_uri, **kw)
  File "C:\Users\Sardorbek Qosimov\AppData\Local\Programs\Python\Python313\Lib\site-packages\urllib3\connectionpool.py", line 802, in urlopen
    retries = retries.increment(
        method, url, error=e, _pool=self, _stacktrace=sys.exc_info()[2]
    )
  File "C:\Users\Sardorbek Qosimov\AppData\Local\Programs\Python\Python313\Lib\site-packages\urllib3\util\retry.py", line 552, in increment
    raise six.reraise(type(error), error, _stacktrace)
          ~~~~~~~~~~~^^^^^^^^^^^^^^^^^^^^^^^^^^^^^^^^^
  File "C:\Users\Sardorbek Qosimov\AppData\Local\Programs\Python\Python313\Lib\site-packages\urllib3\packages\six.py", line 770, in reraise
    raise value
  File "C:\Users\Sardorbek Qosimov\AppData\Local\Programs\Python\Python313\Lib\site-packages\urllib3\connectionpool.py", line 716, in urlopen
    httplib_response = self._make_request(
        conn,
    ...<5 lines>...
        chunked=chunked,
    )
  File "C:\Users\Sardorbek Qosimov\AppData\Local\Programs\Python\Python313\Lib\site-packages\urllib3\connectionpool.py", line 470, in _make_request
    self._raise_timeout(err=e, url=url, timeout_value=read_timeout)
    ~~~~~~~~~~~~~~~~~~~^^^^^^^^^^^^^^^^^^^^^^^^^^^^^^^^^^^^^^^^^^^^
  File "C:\Users\Sardorbek Qosimov\AppData\Local\Programs\Python\Python313\Lib\site-packages\urllib3\connectionpool.py", line 358, in _raise_timeout
    raise ReadTimeoutError(
        self, url, "Read timed out. (read timeout=%s)" % timeout_value
    )
urllib3.exceptions.ReadTimeoutError: HTTPSConnectionPool(host='api.telegram.org', port=443): Read timed out. (read timeout=5.0)

The above exception was the direct cause of the following exception:

Traceback (most recent call last):
  File "C:\Users\Sardorbek Qosimov\AppData\Local\Programs\Python\Python313\Lib\site-packages\telegram\ext\dispatcher.py", line 557, in process_update
    handler.handle_update(update, self, check, context)
    ~~~~~~~~~~~~~~~~~~~~~^^^^^^^^^^^^^^^^^^^^^^^^^^^^^^
  File "C:\Users\Sardorbek Qosimov\AppData\Local\Programs\Python\Python313\Lib\site-packages\telegram\ext\handler.py", line 199, in handle_update
    return self.callback(update, context)
           ~~~~~~~~~~~~~^^^^^^^^^^^^^^^^^
  File "D:\Moved_From_C\Desktop\TSUE Shcedule_bot\main.py", line 1653, in start
    return choose_language(update, context)
  File "D:\Moved_From_C\Desktop\TSUE Shcedule_bot\main.py", line 1782, in choose_language
    update.message.reply_text(msg_text, reply_markup=reply_markup)
    ~~~~~~~~~~~~~~~~~~~~~~~~~^^^^^^^^^^^^^^^^^^^^^^^^^^^^^^^^^^^^^
  File "C:\Users\Sardorbek Qosimov\AppData\Local\Programs\Python\Python313\Lib\site-packages\telegram\message.py", line 977, in reply_text
    return self.bot.send_message(
           ~~~~~~~~~~~~~~~~~~~~~^
        chat_id=self.chat_id,
        ^^^^^^^^^^^^^^^^^^^^^
    ...<11 lines>...
        message_thread_id=message_thread_id,
        ^^^^^^^^^^^^^^^^^^^^^^^^^^^^^^^^^^^^
    )
    ^
  File "C:\Users\Sardorbek Qosimov\AppData\Local\Programs\Python\Python313\Lib\site-packages\telegram\bot.py", line 134, in decorator
    result = func(*args, **kwargs)
  File "C:\Users\Sardorbek Qosimov\AppData\Local\Programs\Python\Python313\Lib\site-packages\telegram\bot.py", line 534, in send_message
    return self._message(  # type: ignore[return-value]
           ~~~~~~~~~~~~~^^^^^^^^^^^^^^^^^^^^^^^^^^^^^^^
        'sendMessage',
        ^^^^^^^^^^^^^^
    ...<8 lines>...
        message_thread_id=message_thread_id,
        ^^^^^^^^^^^^^^^^^^^^^^^^^^^^^^^^^^^^
    )
    ^
  File "C:\Users\Sardorbek Qosimov\AppData\Local\Programs\Python\Python313\Lib\site-packages\telegram\ext\extbot.py", line 203, in _message
    result = super()._message(
        endpoint=endpoint,
    ...<8 lines>...
        message_thread_id=message_thread_id,
    )
  File "C:\Users\Sardorbek Qosimov\AppData\Local\Programs\Python\Python313\Lib\site-packages\telegram\bot.py", line 344, in _message
    result = self._post(endpoint, data, timeout=timeout, api_kwargs=api_kwargs)
  File "C:\Users\Sardorbek Qosimov\AppData\Local\Programs\Python\Python313\Lib\site-packages\telegram\bot.py", line 299, in _post
    return self.request.post(
           ~~~~~~~~~~~~~~~~~^
        f'{self.base_url}/{endpoint}', data=data, timeout=effective_timeout
        ^^^^^^^^^^^^^^^^^^^^^^^^^^^^^^^^^^^^^^^^^^^^^^^^^^^^^^^^^^^^^^^^^^^
    )
    ^
  File "C:\Users\Sardorbek Qosimov\AppData\Local\Programs\Python\Python313\Lib\site-packages\telegram\utils\request.py", line 361, in post
    result = self._request_wrapper(
        'POST',
    ...<3 lines>...
        **urlopen_kwargs,
    )
  File "C:\Users\Sardorbek Qosimov\AppData\Local\Programs\Python\Python313\Lib\site-packages\telegram\utils\request.py", line 261, in _request_wrapper
    raise TimedOut() from error
telegram.error.TimedOut: Timed out
2026-01-16 01:45:36,420 | ERROR | LOGIN ERROR: HTTPSConnectionPool(host='student.tsue.uz', port=443): Max retries exceeded with url: /rest/v1/auth/login (Caused by NewConnectionError('<urllib3.connection.HTTPSConnection object at 0x000002B87F8416D0>: Failed to establish a new connection: [Errno 11001] getaddrinfo failed'))
2026-01-16 01:49:26,193 | ERROR | No error handlers are registered, logging exception.
Traceback (most recent call last):
  File "C:\Users\Sardorbek Qosimov\AppData\Local\Programs\Python\Python313\Lib\site-packages\urllib3\connectionpool.py", line 468, in _make_request
    six.raise_from(e, None)
    ~~~~~~~~~~~~~~^^^^^^^^^
  File "<string>", line 3, in raise_from
  File "C:\Users\Sardorbek Qosimov\AppData\Local\Programs\Python\Python313\Lib\site-packages\urllib3\connectionpool.py", line 463, in _make_request
    httplib_response = conn.getresponse()
  File "C:\Users\Sardorbek Qosimov\AppData\Local\Programs\Python\Python313\Lib\http\client.py", line 1430, in getresponse
    response.begin()
    ~~~~~~~~~~~~~~^^
  File "C:\Users\Sardorbek Qosimov\AppData\Local\Programs\Python\Python313\Lib\http\client.py", line 331, in begin
    version, status, reason = self._read_status()
                              ~~~~~~~~~~~~~~~~~^^
  File "C:\Users\Sardorbek Qosimov\AppData\Local\Programs\Python\Python313\Lib\http\client.py", line 292, in _read_status
    line = str(self.fp.readline(_MAXLINE + 1), "iso-8859-1")
               ~~~~~~~~~~~~~~~~^^^^^^^^^^^^^^
  File "C:\Users\Sardorbek Qosimov\AppData\Local\Programs\Python\Python313\Lib\socket.py", line 719, in readinto
    return self._sock.recv_into(b)
           ~~~~~~~~~~~~~~~~~~~~^^^
  File "C:\Users\Sardorbek Qosimov\AppData\Local\Programs\Python\Python313\Lib\ssl.py", line 1304, in recv_into
    return self.read(nbytes, buffer)
           ~~~~~~~~~^^^^^^^^^^^^^^^^
  File "C:\Users\Sardorbek Qosimov\AppData\Local\Programs\Python\Python313\Lib\ssl.py", line 1138, in read
    return self._sslobj.read(len, buffer)
           ~~~~~~~~~~~~~~~~~^^^^^^^^^^^^^
TimeoutError: The read operation timed out

During handling of the above exception, another exception occurred:

Traceback (most recent call last):
  File "C:\Users\Sardorbek Qosimov\AppData\Local\Programs\Python\Python313\Lib\site-packages\telegram\utils\request.py", line 259, in _request_wrapper
    resp = self._con_pool.request(*args, **kwargs)
  File "C:\Users\Sardorbek Qosimov\AppData\Local\Programs\Python\Python313\Lib\site-packages\urllib3\request.py", line 81, in request
    return self.request_encode_body(
           ~~~~~~~~~~~~~~~~~~~~~~~~^
        method, url, fields=fields, headers=headers, **urlopen_kw
        ^^^^^^^^^^^^^^^^^^^^^^^^^^^^^^^^^^^^^^^^^^^^^^^^^^^^^^^^^
    )
    ^
  File "C:\Users\Sardorbek Qosimov\AppData\Local\Programs\Python\Python313\Lib\site-packages\urllib3\request.py", line 173, in request_encode_body
    return self.urlopen(method, url, **extra_kw)
           ~~~~~~~~~~~~^^^^^^^^^^^^^^^^^^^^^^^^^
  File "C:\Users\Sardorbek Qosimov\AppData\Local\Programs\Python\Python313\Lib\site-packages\urllib3\poolmanager.py", line 376, in urlopen
    response = conn.urlopen(method, u.request_uri, **kw)
  File "C:\Users\Sardorbek Qosimov\AppData\Local\Programs\Python\Python313\Lib\site-packages\urllib3\connectionpool.py", line 802, in urlopen
    retries = retries.increment(
        method, url, error=e, _pool=self, _stacktrace=sys.exc_info()[2]
    )
  File "C:\Users\Sardorbek Qosimov\AppData\Local\Programs\Python\Python313\Lib\site-packages\urllib3\util\retry.py", line 552, in increment
    raise six.reraise(type(error), error, _stacktrace)
          ~~~~~~~~~~~^^^^^^^^^^^^^^^^^^^^^^^^^^^^^^^^^
  File "C:\Users\Sardorbek Qosimov\AppData\Local\Programs\Python\Python313\Lib\site-packages\urllib3\packages\six.py", line 770, in reraise
    raise value
  File "C:\Users\Sardorbek Qosimov\AppData\Local\Programs\Python\Python313\Lib\site-packages\urllib3\connectionpool.py", line 716, in urlopen
    httplib_response = self._make_request(
        conn,
    ...<5 lines>...
        chunked=chunked,
    )
  File "C:\Users\Sardorbek Qosimov\AppData\Local\Programs\Python\Python313\Lib\site-packages\urllib3\connectionpool.py", line 470, in _make_request
    self._raise_timeout(err=e, url=url, timeout_value=read_timeout)
    ~~~~~~~~~~~~~~~~~~~^^^^^^^^^^^^^^^^^^^^^^^^^^^^^^^^^^^^^^^^^^^^
  File "C:\Users\Sardorbek Qosimov\AppData\Local\Programs\Python\Python313\Lib\site-packages\urllib3\connectionpool.py", line 358, in _raise_timeout
    raise ReadTimeoutError(
        self, url, "Read timed out. (read timeout=%s)" % timeout_value
    )
urllib3.exceptions.ReadTimeoutError: HTTPSConnectionPool(host='api.telegram.org', port=443): Read timed out. (read timeout=5.0)

The above exception was the direct cause of the following exception:

Traceback (most recent call last):
  File "C:\Users\Sardorbek Qosimov\AppData\Local\Programs\Python\Python313\Lib\site-packages\telegram\ext\dispatcher.py", line 557, in process_update
    handler.handle_update(update, self, check, context)
    ~~~~~~~~~~~~~~~~~~~~~^^^^^^^^^^^^^^^^^^^^^^^^^^^^^^
  File "C:\Users\Sardorbek Qosimov\AppData\Local\Programs\Python\Python313\Lib\site-packages\telegram\ext\handler.py", line 199, in handle_update
    return self.callback(update, context)
           ~~~~~~~~~~~~~^^^^^^^^^^^^^^^^^
  File "D:\Moved_From_C\Desktop\TSUE Shcedule_bot\main.py", line 1973, in message_handler
    timetable_menu(update, context)
    ~~~~~~~~~~~~~~^^^^^^^^^^^^^^^^^
  File "D:\Moved_From_C\Desktop\TSUE Shcedule_bot\main.py", line 1840, in timetable_menu
    update.message.reply_text(
    ~~~~~~~~~~~~~~~~~~~~~~~~~^
        s["timetable_menu_text"],
        ^^^^^^^^^^^^^^^^^^^^^^^^^
        parse_mode="Markdown",
        ^^^^^^^^^^^^^^^^^^^^^^
        reply_markup=reply_markup
        ^^^^^^^^^^^^^^^^^^^^^^^^^
    )
    ^
  File "C:\Users\Sardorbek Qosimov\AppData\Local\Programs\Python\Python313\Lib\site-packages\telegram\message.py", line 977, in reply_text
    return self.bot.send_message(
           ~~~~~~~~~~~~~~~~~~~~~^
        chat_id=self.chat_id,
        ^^^^^^^^^^^^^^^^^^^^^
    ...<11 lines>...
        message_thread_id=message_thread_id,
        ^^^^^^^^^^^^^^^^^^^^^^^^^^^^^^^^^^^^
    )
    ^
  File "C:\Users\Sardorbek Qosimov\AppData\Local\Programs\Python\Python313\Lib\site-packages\telegram\bot.py", line 134, in decorator
    result = func(*args, **kwargs)
  File "C:\Users\Sardorbek Qosimov\AppData\Local\Programs\Python\Python313\Lib\site-packages\telegram\bot.py", line 534, in send_message
    return self._message(  # type: ignore[return-value]
           ~~~~~~~~~~~~~^^^^^^^^^^^^^^^^^^^^^^^^^^^^^^^
        'sendMessage',
        ^^^^^^^^^^^^^^
    ...<8 lines>...
        message_thread_id=message_thread_id,
        ^^^^^^^^^^^^^^^^^^^^^^^^^^^^^^^^^^^^
    )
    ^
  File "C:\Users\Sardorbek Qosimov\AppData\Local\Programs\Python\Python313\Lib\site-packages\telegram\ext\extbot.py", line 203, in _message
    result = super()._message(
        endpoint=endpoint,
    ...<8 lines>...
        message_thread_id=message_thread_id,
    )
  File "C:\Users\Sardorbek Qosimov\AppData\Local\Programs\Python\Python313\Lib\site-packages\telegram\bot.py", line 344, in _message
    result = self._post(endpoint, data, timeout=timeout, api_kwargs=api_kwargs)
  File "C:\Users\Sardorbek Qosimov\AppData\Local\Programs\Python\Python313\Lib\site-packages\telegram\bot.py", line 299, in _post
    return self.request.post(
           ~~~~~~~~~~~~~~~~~^
        f'{self.base_url}/{endpoint}', data=data, timeout=effective_timeout
        ^^^^^^^^^^^^^^^^^^^^^^^^^^^^^^^^^^^^^^^^^^^^^^^^^^^^^^^^^^^^^^^^^^^
    )
    ^
  File "C:\Users\Sardorbek Qosimov\AppData\Local\Programs\Python\Python313\Lib\site-packages\telegram\utils\request.py", line 361, in post
    result = self._request_wrapper(
        'POST',
    ...<3 lines>...
        **urlopen_kwargs,
    )
  File "C:\Users\Sardorbek Qosimov\AppData\Local\Programs\Python\Python313\Lib\site-packages\telegram\utils\request.py", line 261, in _request_wrapper
    raise TimedOut() from error
telegram.error.TimedOut: Timed out
